2023-11-26 13:13:32,198 INFO org.springframework.scheduling.concurrent.ExecutorConfigurationSupport [SpringContextShutdownHook] Shutting down ExecutorService 'applicationTaskExecutor'
2023-11-26 13:13:32,198 INFO com.alibaba.druid.pool.DruidDataSource [SpringContextShutdownHook] {dataSource-0} closing ...
2023-11-26 13:13:37,782 INFO org.springframework.boot.StartupInfoLogger [main] Starting ApplicationClient on coffeemao with PID 12144 (E:\Code\exercise\javabase\springbootstudy\target\classes started by 86199 in E:\Code\exercise\javabase)
2023-11-26 13:13:37,798 DEBUG org.springframework.boot.StartupInfoLogger [main] Running with Spring Boot v2.2.6.RELEASE, Spring v5.2.5.RELEASE
2023-11-26 13:13:37,798 INFO org.springframework.boot.SpringApplication [main] No active profile set, falling back to default profiles: default
2023-11-26 13:13:38,281 DEBUG org.apache.ibatis.logging.LogFactory [main] Logging initialized using 'class org.apache.ibatis.logging.slf4j.Slf4jImpl' adapter.
2023-11-26 13:13:38,565 INFO org.springframework.boot.web.embedded.tomcat.TomcatWebServer [main] Tomcat initialized with port(s): 80 (http)
2023-11-26 13:13:38,580 INFO org.apache.juli.logging.DirectJDKLog [main] Initializing ProtocolHandler ["http-nio-80"]
2023-11-26 13:13:38,580 INFO org.apache.juli.logging.DirectJDKLog [main] Starting service [Tomcat]
2023-11-26 13:13:38,580 INFO org.apache.juli.logging.DirectJDKLog [main] Starting Servlet engine: [Apache Tomcat/9.0.33]
2023-11-26 13:13:38,580 INFO org.apache.juli.logging.DirectJDKLog [main] Loaded APR based Apache Tomcat Native library [1.2.30] using APR version [1.7.0].
2023-11-26 13:13:38,580 INFO org.apache.juli.logging.DirectJDKLog [main] APR capabilities: IPv6 [true], sendfile [true], accept filters [false], random [true].
2023-11-26 13:13:38,580 INFO org.apache.juli.logging.DirectJDKLog [main] APR/OpenSSL configuration: useAprConnector [false], useOpenSSL [true]
2023-11-26 13:13:38,580 INFO org.apache.juli.logging.DirectJDKLog [main] OpenSSL successfully initialized [OpenSSL 1.1.1k  25 Mar 2021]
2023-11-26 13:13:38,659 INFO org.apache.juli.logging.DirectJDKLog [main] Initializing Spring embedded WebApplicationContext
2023-11-26 13:13:38,659 INFO org.springframework.boot.web.servlet.context.ServletWebServerApplicationContext [main] Root WebApplicationContext: initialization completed in 829 ms
2023-11-26 13:13:38,961 DEBUG org.mybatis.logging.Logger [main] Parsed mapper file: 'file [E:\Code\exercise\javabase\springbootstudy\target\classes\mapper\UserMapper.xml]'
2023-11-26 13:13:40,115 INFO org.springframework.scheduling.concurrent.ExecutorConfigurationSupport [main] Initializing ExecutorService 'applicationTaskExecutor'
2023-11-26 13:13:40,257 INFO org.apache.juli.logging.DirectJDKLog [main] Starting ProtocolHandler ["http-nio-80"]
2023-11-26 13:13:40,289 INFO org.springframework.boot.web.embedded.tomcat.TomcatWebServer [main] Tomcat started on port(s): 80 (http) with context path ''
2023-11-26 13:13:40,289 INFO org.springframework.boot.StartupInfoLogger [main] Started ApplicationClient in 2.913 seconds (JVM running for 4.883)
2023-11-26 13:59:49,312 INFO org.springframework.scheduling.concurrent.ExecutorConfigurationSupport [SpringContextShutdownHook] Shutting down ExecutorService 'applicationTaskExecutor'
2023-11-26 13:59:49,328 INFO com.alibaba.druid.pool.DruidDataSource [SpringContextShutdownHook] {dataSource-0} closing ...
2023-11-26 14:12:03,489 INFO org.springframework.boot.StartupInfoLogger [main] Starting ApplicationClient on coffeemao with PID 12228 (E:\Code\exercise\javabase\springbootstudy\target\classes started by 86199 in E:\Code\exercise\javabase)
2023-11-26 14:12:03,499 DEBUG org.springframework.boot.StartupInfoLogger [main] Running with Spring Boot v2.2.6.RELEASE, Spring v5.2.5.RELEASE
2023-11-26 14:12:03,500 INFO org.springframework.boot.SpringApplication [main] No active profile set, falling back to default profiles: default
2023-11-26 14:12:04,123 DEBUG org.apache.ibatis.logging.LogFactory [main] Logging initialized using 'class org.apache.ibatis.logging.slf4j.Slf4jImpl' adapter.
2023-11-26 14:12:04,528 INFO org.springframework.boot.web.embedded.tomcat.TomcatWebServer [main] Tomcat initialized with port(s): 80 (http)
2023-11-26 14:12:04,538 INFO org.apache.juli.logging.DirectJDKLog [main] Initializing ProtocolHandler ["http-nio-80"]
2023-11-26 14:12:04,539 INFO org.apache.juli.logging.DirectJDKLog [main] Starting service [Tomcat]
2023-11-26 14:12:04,540 INFO org.apache.juli.logging.DirectJDKLog [main] Starting Servlet engine: [Apache Tomcat/9.0.33]
2023-11-26 14:12:04,542 INFO org.apache.juli.logging.DirectJDKLog [main] Loaded APR based Apache Tomcat Native library [1.2.30] using APR version [1.7.0].
2023-11-26 14:12:04,543 INFO org.apache.juli.logging.DirectJDKLog [main] APR capabilities: IPv6 [true], sendfile [true], accept filters [false], random [true].
2023-11-26 14:12:04,543 INFO org.apache.juli.logging.DirectJDKLog [main] APR/OpenSSL configuration: useAprConnector [false], useOpenSSL [true]
2023-11-26 14:12:04,583 INFO org.apache.juli.logging.DirectJDKLog [main] OpenSSL successfully initialized [OpenSSL 1.1.1k  25 Mar 2021]
2023-11-26 14:12:04,680 INFO org.apache.juli.logging.DirectJDKLog [main] Initializing Spring embedded WebApplicationContext
2023-11-26 14:12:04,680 INFO org.springframework.boot.web.servlet.context.ServletWebServerApplicationContext [main] Root WebApplicationContext: initialization completed in 1132 ms
2023-11-26 14:12:05,075 DEBUG org.mybatis.logging.Logger [main] Parsed mapper file: 'file [E:\Code\exercise\javabase\springbootstudy\target\classes\mapper\UserMapper.xml]'
2023-11-26 14:12:06,402 INFO org.springframework.scheduling.concurrent.ExecutorConfigurationSupport [main] Initializing ExecutorService 'applicationTaskExecutor'
2023-11-26 14:12:06,595 INFO org.apache.juli.logging.DirectJDKLog [main] Starting ProtocolHandler ["http-nio-80"]
2023-11-26 14:12:06,623 INFO org.springframework.boot.web.embedded.tomcat.TomcatWebServer [main] Tomcat started on port(s): 80 (http) with context path ''
2023-11-26 14:12:06,629 INFO org.springframework.boot.StartupInfoLogger [main] Started ApplicationClient in 3.706 seconds (JVM running for 6.049)
2023-11-26 14:12:07,288 INFO org.apache.juli.logging.DirectJDKLog [http-nio-80-exec-1] Initializing Spring DispatcherServlet 'dispatcherServlet'
2023-11-26 14:12:07,288 INFO org.springframework.web.servlet.FrameworkServlet [http-nio-80-exec-1] Initializing Servlet 'dispatcherServlet'
2023-11-26 14:12:07,302 INFO org.springframework.web.servlet.FrameworkServlet [http-nio-80-exec-1] Completed initialization in 13 ms
2023-11-26 14:12:07,405 INFO com.alibaba.druid.pool.DruidDataSource [http-nio-80-exec-1] {dataSource-1} inited
2023-11-26 14:12:08,324 DEBUG org.apache.ibatis.logging.jdbc.BaseJdbcLogger [http-nio-80-exec-1] ==>  Preparing: select * from user;
2023-11-26 14:12:08,346 DEBUG org.apache.ibatis.logging.jdbc.BaseJdbcLogger [http-nio-80-exec-1] ==> Parameters: 
2023-11-26 14:12:08,370 DEBUG org.apache.ibatis.logging.jdbc.BaseJdbcLogger [http-nio-80-exec-1] <==      Total: 1
2023-11-26 14:12:08,376 INFO com.best.controller.UserController [http-nio-80-exec-1] 查询全部 >>>   [com.best.annotation.User(id=1, username=a, password=a, createTime=2023-11-26 13:17:45, updateTime=Sun Nov 26 14:07:17 CST 2023)]
2023-11-26 14:12:08,377 DEBUG org.apache.ibatis.logging.jdbc.BaseJdbcLogger [http-nio-80-exec-1] ==>  Preparing: select * from user;
2023-11-26 14:12:08,377 DEBUG org.apache.ibatis.logging.jdbc.BaseJdbcLogger [http-nio-80-exec-1] ==> Parameters: 
2023-11-26 14:12:08,379 DEBUG org.apache.ibatis.logging.jdbc.BaseJdbcLogger [http-nio-80-exec-1] <==      Total: 1
2023-11-26 14:12:38,149 INFO org.springframework.scheduling.concurrent.ExecutorConfigurationSupport [SpringContextShutdownHook] Shutting down ExecutorService 'applicationTaskExecutor'
2023-11-26 14:12:38,149 INFO com.alibaba.druid.pool.DruidDataSource [SpringContextShutdownHook] {dataSource-1} closing ...
2023-11-26 14:12:38,153 INFO com.alibaba.druid.pool.DruidDataSource [SpringContextShutdownHook] {dataSource-1} closed
